<?xml version="1.0" encoding="UTF-8"?>
<!-- Generated by org.testng.reporters.JUnitReportReporter -->
<testsuite hostname="DESKTOP-DJ7SBJM" failures="0" tests="2" name="saucedemotest.Sauce_Lab_Test" time="0.408" errors="0" timestamp="2024-09-27T14:09:17 IST" skipped="0">
  <testcase classname="saucedemotest.Sauce_Lab_Test" name="sauceClick" time="0.287"/>
  <testcase classname="saucedemotest.Sauce_Lab_Test" name="clickaddtocart" time="0.121"/>
</testsuite> <!-- saucedemotest.Sauce_Lab_Test -->
