<?xml version="1.0" encoding="UTF-8"?>
<!-- Generated by org.testng.reporters.JUnitReportReporter -->
<testsuite hostname="DESKTOP-DJ7SBJM" failures="0" tests="12" name="saucedemotest.SauceDemo_test" time="11.164" errors="0" timestamp="2024-09-27T17:29:06 IST" skipped="0">
  <testcase classname="saucedemotest.SauceDemo_test" name="fillonusername" time="0.234"/>
  <testcase classname="saucedemotest.SauceDemo_test" name="fillonpassword" time="0.159"/>
  <testcase classname="saucedemotest.SauceDemo_test" name="clickonloginbutton" time="0.244"/>
  <testcase classname="saucedemotest.SauceDemo_test" name="clickonSauceLabsFleeceJacket" time="0.310"/>
  <testcase classname="saucedemotest.SauceDemo_test" name="clickonaddtocart" time="0.120"/>
  <testcase classname="saucedemotest.SauceDemo_test" name="clickongotocart" time="0.104"/>
  <testcase classname="saucedemotest.SauceDemo_test" name="clickoncheckout" time="0.113"/>
  <testcase classname="saucedemotest.SauceDemo_test" name="clickonfillfirstname" time="0.142"/>
  <testcase classname="saucedemotest.SauceDemo_test" name="clickonfilllastname" time="0.165"/>
  <testcase classname="saucedemotest.SauceDemo_test" name="clickonfillzipcode" time="3.158"/>
  <testcase classname="saucedemotest.SauceDemo_test" name="clickoncontinuebtn" time="3.201"/>
  <testcase classname="saucedemotest.SauceDemo_test" name="clickonfinishbtn" time="3.214"/>
</testsuite> <!-- saucedemotest.SauceDemo_test -->
